{"D:\\React\\namastereact\\src\\constants.js": {"path":"D:\\React\\namastereact\\src\\constants.js","statementMap":{"0":{"start":{"line":1,"column":27},"end":{"line":1,"column":110}},"1":{"start":{"line":2,"column":30},"end":{"line":2,"column":149}},"2":{"start":{"line":3,"column":30},"end":{"line":733,"column":3}}},"fnMap":{},"branchMap":{},"s":{"0":1,"1":1,"2":1},"f":{},"b":{},"_coverageSchema":"1a1c01bbd47fc00a2c39e90264f33305004495a9","hash":"aefc2cc9582ad922dd7af14f073fa9670bddf7aa"}
,"D:\\React\\namastereact\\src\\components\\Body.js": {"path":"D:\\React\\namastereact\\src\\components\\Body.js","statementMap":{"0":{"start":{"line":11,"column":13},"end":{"line":91,"column":3}},"1":{"start":{"line":12,"column":44},"end":{"line":12,"column":56}},"2":{"start":{"line":13,"column":55},"end":{"line":13,"column":67}},"3":{"start":{"line":14,"column":39},"end":{"line":14,"column":51}},"4":{"start":{"line":15,"column":22},"end":{"line":15,"column":45}},"5":{"start":{"line":16,"column":2},"end":{"line":18,"column":8}},"6":{"start":{"line":17,"column":3},"end":{"line":17,"column":20}},"7":{"start":{"line":31,"column":17},"end":{"line":33,"column":5}},"8":{"start":{"line":34,"column":17},"end":{"line":34,"column":34}},"9":{"start":{"line":35,"column":27},"end":{"line":38,"column":5}},"10":{"start":{"line":37,"column":8},"end":{"line":37,"column":80}},"11":{"start":{"line":40,"column":4},"end":{"line":46,"column":5}},"12":{"start":{"line":41,"column":26},"end":{"line":41,"column":89}},"13":{"start":{"line":42,"column":6},"end":{"line":42,"column":37}},"14":{"start":{"line":43,"column":6},"end":{"line":43,"column":42}},"15":{"start":{"line":45,"column":6},"end":{"line":45,"column":66}},"16":{"start":{"line":49,"column":19},"end":{"line":49,"column":30}},"17":{"start":{"line":50,"column":2},"end":{"line":52,"column":3}},"18":{"start":{"line":51,"column":3},"end":{"line":51,"column":102}},"19":{"start":{"line":54,"column":2},"end":{"line":54,"column":34}},"20":{"start":{"line":54,"column":22},"end":{"line":54,"column":34}},"21":{"start":{"line":55,"column":2},"end":{"line":90,"column":6}},"22":{"start":{"line":64,"column":11},"end":{"line":64,"column":42}},"23":{"start":{"line":70,"column":24},"end":{"line":70,"column":62}},"24":{"start":{"line":71,"column":10},"end":{"line":71,"column":39}},"25":{"start":{"line":75,"column":16},"end":{"line":78,"column":14}},"26":{"start":{"line":83,"column":12},"end":{"line":86,"column":14}}},"fnMap":{"0":{"name":"(anonymous_0)","decl":{"start":{"line":11,"column":13},"end":{"line":11,"column":14}},"loc":{"start":{"line":11,"column":18},"end":{"line":91,"column":3}},"line":11},"1":{"name":"(anonymous_1)","decl":{"start":{"line":16,"column":12},"end":{"line":16,"column":13}},"loc":{"start":{"line":16,"column":16},"end":{"line":18,"column":3}},"line":16},"2":{"name":"getRestaurants","decl":{"start":{"line":30,"column":17},"end":{"line":30,"column":31}},"loc":{"start":{"line":30,"column":34},"end":{"line":47,"column":3}},"line":30},"3":{"name":"(anonymous_3)","decl":{"start":{"line":36,"column":6},"end":{"line":36,"column":7}},"loc":{"start":{"line":37,"column":8},"end":{"line":37,"column":80}},"line":37},"4":{"name":"(anonymous_4)","decl":{"start":{"line":63,"column":20},"end":{"line":63,"column":21}},"loc":{"start":{"line":63,"column":25},"end":{"line":65,"column":11}},"line":63},"5":{"name":"(anonymous_5)","decl":{"start":{"line":69,"column":19},"end":{"line":69,"column":20}},"loc":{"start":{"line":69,"column":23},"end":{"line":72,"column":11}},"line":69},"6":{"name":"(anonymous_6)","decl":{"start":{"line":75,"column":12},"end":{"line":75,"column":13}},"loc":{"start":{"line":75,"column":16},"end":{"line":78,"column":14}},"line":75},"7":{"name":"(anonymous_7)","decl":{"start":{"line":82,"column":33},"end":{"line":82,"column":34}},"loc":{"start":{"line":82,"column":49},"end":{"line":87,"column":9}},"line":82}},"branchMap":{"0":{"loc":{"start":{"line":40,"column":4},"end":{"line":46,"column":5}},"type":"if","locations":[{"start":{"line":40,"column":4},"end":{"line":46,"column":5}},{"start":{"line":44,"column":11},"end":{"line":46,"column":5}}],"line":40},"1":{"loc":{"start":{"line":50,"column":2},"end":{"line":52,"column":3}},"type":"if","locations":[{"start":{"line":50,"column":2},"end":{"line":52,"column":3}},{"start":{},"end":{}}],"line":50},"2":{"loc":{"start":{"line":54,"column":2},"end":{"line":54,"column":34}},"type":"if","locations":[{"start":{"line":54,"column":2},"end":{"line":54,"column":34}},{"start":{},"end":{}}],"line":54},"3":{"loc":{"start":{"line":55,"column":8},"end":{"line":90,"column":5}},"type":"cond-expr","locations":[{"start":{"line":55,"column":37},"end":{"line":55,"column":47}},{"start":{"line":56,"column":8},"end":{"line":89,"column":9}}],"line":55}},"s":{"0":1,"1":1,"2":1,"3":1,"4":1,"5":1,"6":1,"7":1,"8":1,"9":1,"10":0,"11":1,"12":0,"13":0,"14":0,"15":1,"16":1,"17":1,"18":0,"19":1,"20":0,"21":1,"22":0,"23":0,"24":0,"25":0,"26":0},"f":{"0":1,"1":1,"2":1,"3":0,"4":0,"5":0,"6":0,"7":0},"b":{"0":[0,1],"1":[0,1],"2":[0,1],"3":[1,0]},"_coverageSchema":"1a1c01bbd47fc00a2c39e90264f33305004495a9","hash":"122e93c9a37d193e44cf1b27f8d478c5e485b893"}
,"D:\\React\\namastereact\\src\\components\\Header.js": {"path":"D:\\React\\namastereact\\src\\components\\Header.js","statementMap":{"0":{"start":{"line":8,"column":21},"end":{"line":10,"column":1}},"1":{"start":{"line":9,"column":2},"end":{"line":9,"column":14}},"2":{"start":{"line":13,"column":21},"end":{"line":18,"column":3}},"3":{"start":{"line":14,"column":4},"end":{"line":17,"column":8}},"4":{"start":{"line":20,"column":17},"end":{"line":49,"column":1}},"5":{"start":{"line":21,"column":20},"end":{"line":21,"column":31}},"6":{"start":{"line":22,"column":39},"end":{"line":22,"column":54}},"7":{"start":{"line":23,"column":19},"end":{"line":23,"column":42}},"8":{"start":{"line":24,"column":22},"end":{"line":24,"column":60}},"9":{"start":{"line":24,"column":43},"end":{"line":24,"column":59}},"10":{"start":{"line":25,"column":5},"end":{"line":25,"column":28}},"11":{"start":{"line":26,"column":4},"end":{"line":48,"column":6}},"12":{"start":{"line":43,"column":22},"end":{"line":43,"column":42}},"13":{"start":{"line":45,"column":22},"end":{"line":45,"column":41}}},"fnMap":{"0":{"name":"(anonymous_0)","decl":{"start":{"line":8,"column":21},"end":{"line":8,"column":22}},"loc":{"start":{"line":8,"column":26},"end":{"line":10,"column":1}},"line":8},"1":{"name":"(anonymous_1)","decl":{"start":{"line":13,"column":21},"end":{"line":13,"column":22}},"loc":{"start":{"line":14,"column":4},"end":{"line":17,"column":8}},"line":14},"2":{"name":"(anonymous_2)","decl":{"start":{"line":20,"column":17},"end":{"line":20,"column":18}},"loc":{"start":{"line":20,"column":23},"end":{"line":49,"column":1}},"line":20},"3":{"name":"(anonymous_3)","decl":{"start":{"line":24,"column":34},"end":{"line":24,"column":35}},"loc":{"start":{"line":24,"column":43},"end":{"line":24,"column":59}},"line":24},"4":{"name":"(anonymous_4)","decl":{"start":{"line":43,"column":18},"end":{"line":43,"column":19}},"loc":{"start":{"line":43,"column":22},"end":{"line":43,"column":42}},"line":43},"5":{"name":"(anonymous_5)","decl":{"start":{"line":45,"column":18},"end":{"line":45,"column":19}},"loc":{"start":{"line":45,"column":22},"end":{"line":45,"column":41}},"line":45}},"branchMap":{"0":{"loc":{"start":{"line":39,"column":61},"end":{"line":39,"column":78}},"type":"cond-expr","locations":[{"start":{"line":39,"column":69},"end":{"line":39,"column":73}},{"start":{"line":39,"column":74},"end":{"line":39,"column":78}}],"line":39},"1":{"loc":{"start":{"line":41,"column":7},"end":{"line":45,"column":58}},"type":"cond-expr","locations":[{"start":{"line":42,"column":7},"end":{"line":43,"column":59}},{"start":{"line":44,"column":9},"end":{"line":45,"column":57}}],"line":41}},"s":{"0":1,"1":0,"2":1,"3":4,"4":1,"5":4,"6":4,"7":4,"8":4,"9":8,"10":4,"11":4,"12":0,"13":0},"f":{"0":0,"1":4,"2":4,"3":8,"4":0,"5":0},"b":{"0":[4,0],"1":[0,4]},"_coverageSchema":"1a1c01bbd47fc00a2c39e90264f33305004495a9","hash":"53ec72e0c5d9e55748af36d071e61f2e2e2256a5"}
,"D:\\React\\namastereact\\src\\components\\RestaurantCard.js": {"path":"D:\\React\\namastereact\\src\\components\\RestaurantCard.js","statementMap":{"0":{"start":{"line":4,"column":17},"end":{"line":19,"column":1}},"1":{"start":{"line":5,"column":16},"end":{"line":5,"column":39}},"2":{"start":{"line":6,"column":2},"end":{"line":18,"column":3}}},"fnMap":{"0":{"name":"(anonymous_0)","decl":{"start":{"line":4,"column":17},"end":{"line":4,"column":18}},"loc":{"start":{"line":4,"column":71},"end":{"line":19,"column":1}},"line":4}},"branchMap":{},"s":{"0":1,"1":0,"2":0},"f":{"0":0},"b":{},"_coverageSchema":"1a1c01bbd47fc00a2c39e90264f33305004495a9","hash":"45fdacd36f250fccd340824763d1c6cd0550b1eb"}
,"D:\\React\\namastereact\\src\\components\\Shimmer.js": {"path":"D:\\React\\namastereact\\src\\components\\Shimmer.js","statementMap":{"0":{"start":{"line":1,"column":16},"end":{"line":10,"column":3}},"1":{"start":{"line":2,"column":4},"end":{"line":9,"column":6}},"2":{"start":{"line":7,"column":7},"end":{"line":7,"column":119}}},"fnMap":{"0":{"name":"(anonymous_0)","decl":{"start":{"line":1,"column":16},"end":{"line":1,"column":17}},"loc":{"start":{"line":1,"column":22},"end":{"line":10,"column":3}},"line":1},"1":{"name":"(anonymous_1)","decl":{"start":{"line":6,"column":12},"end":{"line":6,"column":13}},"loc":{"start":{"line":7,"column":7},"end":{"line":7,"column":119}},"line":7}},"branchMap":{},"s":{"0":1,"1":1,"2":10},"f":{"0":1,"1":10},"b":{},"_coverageSchema":"1a1c01bbd47fc00a2c39e90264f33305004495a9","hash":"f87337266b16d080c52e07f3606e7a96b36f6de5"}
,"D:\\React\\namastereact\\src\\components\\sum.js": {"path":"D:\\React\\namastereact\\src\\components\\sum.js","statementMap":{"0":{"start":{"line":1,"column":17},"end":{"line":1,"column":27}},"1":{"start":{"line":1,"column":24},"end":{"line":1,"column":27}}},"fnMap":{"0":{"name":"(anonymous_0)","decl":{"start":{"line":1,"column":17},"end":{"line":1,"column":18}},"loc":{"start":{"line":1,"column":24},"end":{"line":1,"column":27}},"line":1}},"branchMap":{},"s":{"0":1,"1":1},"f":{"0":1},"b":{},"_coverageSchema":"1a1c01bbd47fc00a2c39e90264f33305004495a9","hash":"87fadb5dd9a7a0c55968e10a8b69666909428831"}
,"D:\\React\\namastereact\\src\\mocks\\Dummylogo.js": {"path":"D:\\React\\namastereact\\src\\mocks\\Dummylogo.js","statementMap":{},"fnMap":{},"branchMap":{},"s":{},"f":{},"b":{},"_coverageSchema":"1a1c01bbd47fc00a2c39e90264f33305004495a9","hash":"64b55d7a18c180a12af1f4155b46e37c9ba01098"}
,"D:\\React\\namastereact\\src\\mocks\\data.js": {"path":"D:\\React\\namastereact\\src\\mocks\\data.js","statementMap":{"0":{"start":{"line":1,"column":24},"end":{"line":5258,"column":1}}},"fnMap":{},"branchMap":{},"s":{"0":1},"f":{},"b":{},"_coverageSchema":"1a1c01bbd47fc00a2c39e90264f33305004495a9","hash":"1d567b2d9f4cde01d9aea4b35dd94328057f1cc7"}
,"D:\\React\\namastereact\\src\\utils\\Store.js": {"path":"D:\\React\\namastereact\\src\\utils\\Store.js","statementMap":{"0":{"start":{"line":3,"column":14},"end":{"line":7,"column":2}}},"fnMap":{},"branchMap":{},"s":{"0":2},"f":{},"b":{},"_coverageSchema":"1a1c01bbd47fc00a2c39e90264f33305004495a9","hash":"ea06879472a41d665b03f1210d4ffe0cb33242df"}
,"D:\\React\\namastereact\\src\\utils\\UserContext.js": {"path":"D:\\React\\namastereact\\src\\utils\\UserContext.js","statementMap":{"0":{"start":{"line":3,"column":20},"end":{"line":7,"column":3}}},"fnMap":{},"branchMap":{},"s":{"0":2},"f":{},"b":{},"_coverageSchema":"1a1c01bbd47fc00a2c39e90264f33305004495a9","hash":"323f58dccc5d9d0e77879bd75070fd2660c48973"}
,"D:\\React\\namastereact\\src\\utils\\cartslice.js": {"path":"D:\\React\\namastereact\\src\\utils\\cartslice.js","statementMap":{"0":{"start":{"line":3,"column":18},"end":{"line":19,"column":2}},"1":{"start":{"line":10,"column":12},"end":{"line":10,"column":45}},"2":{"start":{"line":13,"column":13},"end":{"line":13,"column":31}},"3":{"start":{"line":16,"column":12},"end":{"line":16,"column":27}},"4":{"start":{"line":21,"column":46},"end":{"line":21,"column":63}}},"fnMap":{"0":{"name":"(anonymous_0)","decl":{"start":{"line":9,"column":16},"end":{"line":9,"column":17}},"loc":{"start":{"line":9,"column":32},"end":{"line":11,"column":9}},"line":9},"1":{"name":"(anonymous_1)","decl":{"start":{"line":12,"column":19},"end":{"line":12,"column":20}},"loc":{"start":{"line":12,"column":35},"end":{"line":14,"column":9}},"line":12},"2":{"name":"(anonymous_2)","decl":{"start":{"line":15,"column":18},"end":{"line":15,"column":19}},"loc":{"start":{"line":15,"column":27},"end":{"line":17,"column":9}},"line":15}},"branchMap":{},"s":{"0":2,"1":0,"2":0,"3":0,"4":2},"f":{"0":0,"1":0,"2":0},"b":{},"_coverageSchema":"1a1c01bbd47fc00a2c39e90264f33305004495a9","hash":"ebb9c9d68335394fd8933745db7c61861c3b76ca"}
,"D:\\React\\namastereact\\src\\utils\\helper.js": {"path":"D:\\React\\namastereact\\src\\utils\\helper.js","statementMap":{"0":{"start":{"line":2,"column":23},"end":{"line":4,"column":6}},"1":{"start":{"line":3,"column":5},"end":{"line":3,"column":79}},"2":{"start":{"line":5,"column":5},"end":{"line":5,"column":23}}},"fnMap":{"0":{"name":"filterData","decl":{"start":{"line":1,"column":16},"end":{"line":1,"column":26}},"loc":{"start":{"line":1,"column":53},"end":{"line":6,"column":1}},"line":1},"1":{"name":"(anonymous_1)","decl":{"start":{"line":2,"column":42},"end":{"line":2,"column":43}},"loc":{"start":{"line":3,"column":5},"end":{"line":3,"column":79}},"line":3}},"branchMap":{},"s":{"0":0,"1":0,"2":0},"f":{"0":0,"1":0},"b":{},"_coverageSchema":"1a1c01bbd47fc00a2c39e90264f33305004495a9","hash":"39cd313bad89bd78f9a8770726bdc76a66a81a9c"}
,"D:\\React\\namastereact\\src\\utils\\useOnline.js": {"path":"D:\\React\\namastereact\\src\\utils\\useOnline.js","statementMap":{"0":{"start":{"line":3,"column":18},"end":{"line":20,"column":1}},"1":{"start":{"line":4,"column":36},"end":{"line":4,"column":50}},"2":{"start":{"line":6,"column":4},"end":{"line":17,"column":11}},"3":{"start":{"line":7,"column":29},"end":{"line":7,"column":52}},"4":{"start":{"line":7,"column":35},"end":{"line":7,"column":52}},"5":{"start":{"line":8,"column":30},"end":{"line":8,"column":54}},"6":{"start":{"line":8,"column":36},"end":{"line":8,"column":54}},"7":{"start":{"line":10,"column":8},"end":{"line":10,"column":56}},"8":{"start":{"line":11,"column":8},"end":{"line":11,"column":58}},"9":{"start":{"line":13,"column":8},"end":{"line":16,"column":10}},"10":{"start":{"line":14,"column":12},"end":{"line":14,"column":63}},"11":{"start":{"line":15,"column":12},"end":{"line":15,"column":65}},"12":{"start":{"line":19,"column":4},"end":{"line":19,"column":20}}},"fnMap":{"0":{"name":"(anonymous_0)","decl":{"start":{"line":3,"column":18},"end":{"line":3,"column":19}},"loc":{"start":{"line":3,"column":24},"end":{"line":20,"column":1}},"line":3},"1":{"name":"(anonymous_1)","decl":{"start":{"line":6,"column":14},"end":{"line":6,"column":15}},"loc":{"start":{"line":6,"column":20},"end":{"line":17,"column":5}},"line":6},"2":{"name":"(anonymous_2)","decl":{"start":{"line":7,"column":29},"end":{"line":7,"column":30}},"loc":{"start":{"line":7,"column":35},"end":{"line":7,"column":52}},"line":7},"3":{"name":"(anonymous_3)","decl":{"start":{"line":8,"column":30},"end":{"line":8,"column":31}},"loc":{"start":{"line":8,"column":36},"end":{"line":8,"column":54}},"line":8},"4":{"name":"(anonymous_4)","decl":{"start":{"line":13,"column":15},"end":{"line":13,"column":16}},"loc":{"start":{"line":13,"column":21},"end":{"line":16,"column":9}},"line":13}},"branchMap":{},"s":{"0":2,"1":5,"2":5,"3":5,"4":0,"5":5,"6":0,"7":5,"8":5,"9":5,"10":5,"11":5,"12":5},"f":{"0":5,"1":5,"2":0,"3":0,"4":5},"b":{},"_coverageSchema":"1a1c01bbd47fc00a2c39e90264f33305004495a9","hash":"d1516f56b8d5a73ccc0866cca7752fe279ee4672"}
}
